2017-06-12 12:15:42 [main] ERROR TariffAction  line:38 - There is no tariff with suitable parameters
2017-06-12 12:15:42 [main] INFO  TariffAction  line:24 - 12
2017-06-12 12:15:43 [main] INFO  TariffAction  line:34 -
Tariff name: MORE_CALLS,
minute price: 0,50,
message price: 0,20,
fee: 4,00,
included minutes: 1000,
included messages: 500,

2017-06-12 12:16:05 [main] ERROR TariffAction  line:38 - There is no tariff with suitable parameters
2017-06-12 12:16:05 [main] INFO  TariffAction  line:24 - 12
2017-06-12 12:16:05 [main] INFO  TariffAction  line:34 -
Tariff name: MORE_CALLS,
minute price: 0,50,
message price: 0,20,
fee: 4,00,
included minutes: 1000,
included messages: 500,

2017-06-12 12:17:47 [main] ERROR TariffAction  line:38 - There is no tariff with suitable parameters
2017-06-12 12:17:47 [main] INFO  TariffAction  line:24 - 15
2017-06-12 12:17:47 [main] INFO  TariffAction  line:34 -
Tariff name: MORE_CALLS,
minute price: 0,50,
message price: 0,20,
fee: 4,00,
included minutes: 1000,
included messages: 500,

2017-06-12 12:28:09 [main] ERROR TariffAction  line:38 - There is no tariff with suitable parameters
2017-06-12 12:28:09 [main] INFO  TariffAction  line:24 - 15
2017-06-12 12:28:09 [main] INFO  TariffAction  line:34 -
Tariff name: MORE_CALLS,
minute price: 0,50,
message price: 0,20,
fee: 4,00,
included minutes: 1000,
included messages: 500,

2017-06-12 12:29:44 [main] ERROR TariffAction  line:38 - There is no tariff with suitable parameters
2017-06-12 12:29:44 [main] INFO  TariffAction  line:24 - 15
2017-06-12 12:29:44 [main] INFO  TariffAction  line:34 -
Tariff name: MORE_CALLS,
minute price: 0,50,
message price: 0,20,
fee: 4,00,
included minutes: 1000,
included messages: 500,

2017-06-12 12:46:06 [main] ERROR TariffAction  line:38 - There is no tariff with suitable parameters
2017-06-12 12:46:06 [main] INFO  TariffAction  line:24 - 15
2017-06-12 12:46:07 [main] INFO  TariffAction  line:34 -
Tariff name: MORE_CALLS,
minute price: 0,50,
message price: 0,20,
fee: 4,00,
included minutes: 1000,
included messages: 500,

2017-06-12 12:46:23 [main] ERROR TariffAction  line:38 - There is no tariff with suitable parameters
2017-06-12 12:46:23 [main] INFO  TariffAction  line:24 - 15
2017-06-12 12:46:23 [main] INFO  TariffAction  line:34 -
Tariff name: MORE_CALLS,
minute price: 0,50,
message price: 0,20,
fee: 4,00,
included minutes: 1000,
included messages: 500,

2017-06-12 12:50:54 [main] ERROR TariffAction  line:38 - There is no tariff with suitable parameters
2017-06-12 12:50:55 [main] INFO  TariffAction  line:24 - 15
2017-06-12 12:50:55 [main] INFO  TariffAction  line:34 -
Tariff name: MORE_CALLS,
minute price: 0,50,
message price: 0,20,
fee: 4,00,
included minutes: 1000,
included messages: 500,

2017-06-12 12:55:02 [main] ERROR TariffAction  line:38 - There is no tariff with suitable parameters
2017-06-12 12:55:02 [main] INFO  TariffAction  line:24 - 15
2017-06-12 12:55:02 [main] INFO  TariffAction  line:34 -
Tariff name: MORE_CALLS,
minute price: 0,50,
message price: 0,20,
fee: 4,00,
included minutes: 1000,
included messages: 500,

2017-06-12 13:01:36 [main] ERROR TariffAction  line:38 - There is no tariff with suitable parameters
2017-06-12 13:01:36 [main] INFO  TariffAction  line:24 - 15
2017-06-12 13:01:36 [main] INFO  TariffAction  line:34 -
Tariff name: MORE_CALLS,
minute price: 0,50,
message price: 0,20,
fee: 4,00,
included minutes: 1000,
included messages: 500,

2017-06-12 13:06:44 [main] ERROR TariffAction  line:38 - There is no tariff with suitable parameters
2017-06-12 13:06:44 [main] INFO  TariffAction  line:24 - 15
2017-06-12 13:06:44 [main] INFO  TariffAction  line:34 -
Tariff name: MORE_CALLS,
minute price: 0,50,
message price: 0,20,
fee: 4,00,
included minutes: 1000,
included messages: 500,

2017-06-12 13:09:46 [main] ERROR TariffAction  line:38 - There is no tariff with suitable parameters
2017-06-12 13:09:46 [main] INFO  TariffAction  line:24 - 15
2017-06-12 13:09:46 [main] INFO  TariffAction  line:34 -
Tariff name: MORE_CALLS,
minute price: 0,50,
message price: 0,20,
fee: 4,00,
included minutes: 1000,
included messages: 500,

2017-06-12 13:13:32 [main] ERROR TariffAction  line:38 - There is no tariff with suitable parameters
2017-06-12 13:13:32 [main] INFO  TariffAction  line:24 - 15
2017-06-12 13:13:32 [main] INFO  TariffAction  line:34 -
Tariff name: MORE_CALLS,
minute price: 0,50,
message price: 0,20,
fee: 4,00,
included minutes: 1000,
included messages: 500,

2017-06-12 13:14:31 [main] ERROR TariffAction  line:38 - There is no tariff with suitable parameters
2017-06-12 13:14:31 [main] INFO  TariffAction  line:24 - 15
2017-06-12 13:14:32 [main] INFO  TariffAction  line:34 -
Tariff name: MORE_CALLS,
minute price: 0,50,
message price: 0,20,
fee: 4,00,
included minutes: 1000,
included messages: 500,

2017-06-12 13:15:32 [main] ERROR TariffAction  line:38 - There is no tariff with suitable parameters
2017-06-12 13:15:32 [main] INFO  TariffAction  line:24 - 15
2017-06-12 13:15:33 [main] INFO  TariffAction  line:34 -
Tariff name: MORE_CALLS,
minute price: 0,50,
message price: 0,20,
fee: 4,00,
included minutes: 1000,
included messages: 500,

2017-06-12 13:16:30 [main] ERROR TariffAction  line:38 - There is no tariff with suitable parameters
2017-06-12 13:16:30 [main] INFO  TariffAction  line:24 - 15
2017-06-12 13:16:30 [main] INFO  TariffAction  line:34 -
Tariff name: MORE_CALLS,
minute price: 0,50,
message price: 0,20,
fee: 4,00,
included minutes: 1000,
included messages: 500,

2017-06-12 13:19:36 [main] ERROR TariffAction  line:38 - There is no tariff with suitable parameters
2017-06-12 13:19:36 [main] INFO  TariffAction  line:24 - 15
2017-06-12 13:19:36 [main] INFO  TariffAction  line:34 - Tariff{minutePrice=0.5, messagePrice=0.2, connectionPrice=4.0, megabytePrice=0.8, tariffType=MORE_CALLS}
2017-06-12 13:21:09 [main] ERROR TariffAction  line:38 - There is no tariff with suitable parameters
2017-06-12 13:21:09 [main] INFO  TariffAction  line:24 - total clients123
2017-06-12 13:21:09 [main] INFO  TariffAction  line:34 - Tariff{minutePrice=0.5, messagePrice=0.2, connectionPrice=4.0, megabytePrice=0.8, tariffType=MORE_CALLS}
2017-06-12 13:22:09 [main] ERROR TariffAction  line:38 - There is no tariff with suitable parameters
2017-06-12 13:22:09 [main] INFO  TariffAction  line:24 - total clients quantity is 15
2017-06-12 13:22:10 [main] INFO  TariffAction  line:34 - Tariff{minutePrice=0.5, messagePrice=0.2, connectionPrice=4.0, megabytePrice=0.8, tariffType=MORE_CALLS}
2017-06-12 13:24:10 [main] ERROR TariffAction  line:38 - There is no tariff with suitable parameters
2017-06-12 13:24:10 [main] INFO  TariffAction  line:24 - total clients quantity is 15
2017-06-12 13:24:10 [main] INFO  TariffAction  line:34 - Optimal tariff is Tariff{minutePrice=0.5, messagePrice=0.2, connectionPrice=4.0, megabytePrice=0.8, tariffType=MORE_CALLS}
2017-06-12 13:31:25 [main] ERROR TariffAction  line:38 - There is no tariff with suitable parameters
2017-06-12 13:31:25 [main] INFO  TariffAction  line:24 - Total clients quantity is 15
2017-06-12 13:31:25 [main] INFO  TariffAction  line:34 - Optimal tariff is Tariff{minutePrice=0.5, messagePrice=0.2, connectionPrice=4.0, megabytePrice=0.8, tariffType=MORE_CALLS}
2017-06-12 13:55:23 [main] ERROR TariffAction  line:38 - There is no tariff with suitable parameters
2017-06-12 13:55:23 [main] INFO  TariffAction  line:24 - Total clients quantity is 15
2017-06-12 13:55:23 [main] INFO  TariffAction  line:34 - Optimal tariff is Tariff{minutePrice=0.5, messagePrice=0.2, connectionPrice=4.0, megabytePrice=0.8, tariffType=MORE_CALLS}
2017-06-12 13:56:00 [main] ERROR TariffAction  line:38 - There is no tariff with suitable parameters
2017-06-12 13:56:00 [main] INFO  TariffAction  line:24 - Total clients quantity is 15
2017-06-12 13:56:01 [main] INFO  TariffAction  line:34 - Optimal tariff is Tariff{minutePrice=0.5, messagePrice=0.2, connectionPrice=4.0, megabytePrice=0.8, tariffType=MORE_CALLS}
2017-06-12 13:58:47 [main] ERROR TariffAction  line:38 - There is no tariff with suitable parameters
2017-06-12 13:58:47 [main] INFO  TariffAction  line:24 - Total clients quantity is 15
2017-06-12 13:58:47 [main] INFO  TariffAction  line:34 - Optimal tariff is Tariff{minutePrice=0.5, messagePrice=0.2, connectionPrice=4.0, megabytePrice=0.8, tariffType=MORE_CALLS}
2017-06-12 13:59:03 [main] INFO  TariffAction  line:34 - Optimal tariff is Tariff{minutePrice=0.5, messagePrice=0.2, connectionPrice=4.0, megabytePrice=0.8, tariffType=MORE_CALLS}
2017-06-12 13:59:50 [main] ERROR TariffAction  line:38 - There is no tariff with suitable parameters
2017-06-12 13:59:50 [main] INFO  TariffAction  line:24 - Total clients quantity is 15
2017-06-12 13:59:50 [main] INFO  TariffAction  line:34 - Optimal tariff is Tariff{minutePrice=0.5, messagePrice=0.2, connectionPrice=4.0, megabytePrice=0.8, tariffType=MORE_CALLS}
2017-06-12 14:00:53 [main] INFO  TariffAction  line:34 - Optimal tariff is IndividualPersonTariff@78e71c49
2017-06-12 14:01:27 [main] INFO  TariffAction  line:34 - Optimal tariff is IndividualPersonTariff{includedFreeMinutes=1000.0, includedFreeMessages=500.0, includedFreeMegabytes=200.0}
2017-06-12 14:01:39 [main] ERROR TariffAction  line:38 - There is no tariff with suitable parameters
2017-06-12 14:01:39 [main] INFO  TariffAction  line:24 - Total clients quantity is 15
2017-06-12 14:01:40 [main] INFO  TariffAction  line:34 - Optimal tariff is IndividualPersonTariff{includedFreeMinutes=1000.0, includedFreeMessages=500.0, includedFreeMegabytes=200.0}
2017-06-12 14:26:58 [main] ERROR TariffAction  line:38 - There is no tariff with suitable parameters
2017-06-12 14:26:58 [main] INFO  TariffAction  line:24 - Total clients quantity is 15
2017-06-12 14:26:58 [main] INFO  TariffAction  line:34 - Optimal tariff is
Tariff name: MORE_CALLS,
minute price: 0,50,
message price: 0,20,
fee: 4,00,
included minutes: 1000,
included messages: 500,

2017-06-12 14:27:38 [main] ERROR TariffAction  line:38 - There is no tariff with suitable parameters
2017-06-12 14:27:38 [main] INFO  TariffAction  line:24 - Total clients quantity is 15
2017-06-12 14:27:38 [main] INFO  TariffAction  line:34 - Optimal tariff is
Tariff name: MORE_CALLS,
minute price: 0,50,
message price: 0,20,
connection price: 4,00,
included minutes: 1000,
included messages: 500,

2017-06-12 14:28:07 [main] ERROR TariffAction  line:38 - There is no tariff with suitable parameters
2017-06-12 14:28:07 [main] INFO  TariffAction  line:24 - Total clients quantity is 15
2017-06-12 14:28:07 [main] INFO  TariffAction  line:34 - Optimal tariff is
Tariff name: MORE_CALLS;
minute price: 0,50,
message price: 0,20,
connection price: 4,00,
included minutes: 1000,
included messages: 500,

2017-06-12 14:28:49 [main] ERROR TariffAction  line:38 - There is no tariff with suitable parameters
2017-06-12 14:28:49 [main] INFO  TariffAction  line:24 - Total clients quantity is 15
2017-06-12 14:28:50 [main] INFO  TariffAction  line:34 - Optimal tariff is
Tariff name: MORE_CALLS
minute price: 0,50
message price: 0,20
connection price: 4,00
included minutes: 1000
included messages: 500

2017-06-12 14:31:47 [main] ERROR TariffAction  line:38 - There is no tariff with suitable parameters
2017-06-12 14:31:47 [main] INFO  TariffAction  line:24 - Total clients quantity is 15
2017-06-12 14:32:54 [main] ERROR TariffAction  line:38 - There is no tariff with suitable parameters
2017-06-12 14:32:54 [main] INFO  TariffAction  line:24 - Total clients quantity is 15
2017-06-12 14:36:31 [main] ERROR TariffAction  line:38 - There is no tariff with suitable parameters
2017-06-12 14:36:31 [main] INFO  TariffAction  line:24 - Total clients quantity is 15
2017-06-12 14:48:37 [main] ERROR TariffAction  line:38 - There is no tariff with suitable parameters
2017-06-12 14:48:37 [main] INFO  TariffAction  line:24 - Total clients quantity is 15
2017-06-12 14:48:38 [main] INFO  TariffAction  line:34 - Optimal tariff is
Tariff name: MORE_CALLS 
minute price: 0,50,
message price: 0,20,
fee: 4,00,
included minutes: 1000,
included messages: 500,

2017-06-12 14:49:47 [main] ERROR TariffAction  line:38 - There is no tariff with suitable parameters
2017-06-12 14:49:47 [main] INFO  TariffAction  line:24 - Total clients quantity is 15
2017-06-12 14:49:47 [main] INFO  TariffAction  line:34 - Optimal tariff is
Tariff name: MORE_CALLS 
minute price: 0,50,
message price: 0,20,
fee: 4,00,
included minutes: 1000,
included messages: 500,
nincluded free traffic: 200
2017-06-12 14:51:18 [main] ERROR TariffAction  line:38 - There is no tariff with suitable parameters
2017-06-12 14:51:18 [main] INFO  TariffAction  line:24 - Total clients quantity is 15
2017-06-12 14:51:18 [main] INFO  TariffAction  line:34 - Optimal tariff is
Tariff name: MORE_CALLS 
minute price: 0,50 
message price: 0,20 
price for connection: 4,00 
included free minutes: 1000 
included free messages: 500 
included free traffic: 200
2017-06-12 14:52:18 [main] ERROR TariffAction  line:38 - There is no tariff with suitable parameters
2017-06-12 14:52:18 [main] INFO  TariffAction  line:24 - Total clients quantity is 15
2017-06-12 14:52:18 [main] INFO  TariffAction  line:34 - Optimal tariff is
Tariff name: MORE_CALLS 
price per minute: 0,50 
price per message: 0,20 
price for connection: 4,00 
included free minutes: 1000 
included free messages: 500 
included free traffic: 200
2017-06-12 14:54:59 [main] ERROR TariffAction  line:38 - There is no tariff with suitable parameters
2017-06-12 14:54:59 [main] INFO  TariffAction  line:24 - Total clients quantity is 15
2017-06-12 14:54:59 [main] INFO  TariffAction  line:34 - Optimal tariff is
Tariff name: MORE_CALLS 
price per minute: 0,50 
price per message: 0,20 
price for connection: 4,00 
included free minutes: 1000 
included free messages: 500 
included free traffic: 200
2017-06-12 21:01:21 [main] ERROR TariffAction  line:38 - There is no tariff with suitable parameters
2017-06-12 21:01:21 [main] INFO  TariffAction  line:24 - Total clients quantity is 15
2017-06-12 21:01:22 [main] ERROR TariffAction  line:38 - There is no tariff with suitable parameters
2017-06-12 21:18:11 [main] ERROR TariffAction  line:38 - There is no tariff with suitable parameters
2017-06-12 21:18:11 [main] INFO  TariffAction  line:24 - Total clients quantity is 15
2017-06-12 21:21:19 [main] ERROR TariffAction  line:38 - There is no tariff with suitable parameters
2017-06-12 21:21:19 [main] INFO  TariffAction  line:24 - Total clients quantity is 15
2017-06-12 21:27:12 [main] ERROR TariffAction  line:38 - There is no tariff with suitable parameters
2017-06-12 21:27:12 [main] INFO  TariffAction  line:24 - Total clients quantity is 15
2017-06-12 21:27:31 [main] INFO  TariffAction  line:24 - Total clients quantity is 15
2017-06-12 21:27:53 [main] INFO  TariffAction  line:24 - Total clients quantity is 15
2017-06-12 21:28:10 [main] ERROR TariffAction  line:38 - There is no tariff with suitable parameters
2017-06-12 21:28:10 [main] INFO  TariffAction  line:24 - Total clients quantity is 15
2017-06-12 21:32:59 [main] ERROR TariffAction  line:38 - There is no tariff with suitable parameters
2017-06-12 21:32:59 [main] INFO  TariffAction  line:24 - Total clients quantity is 15
2017-06-12 21:36:32 [main] INFO  TariffAction  line:24 - Total clients quantity is 15
2017-06-12 21:36:47 [main] INFO  TariffAction  line:24 - Total clients quantity is 15
2017-06-12 21:41:00 [main] INFO  TariffAction  line:24 - Total clients quantity is 15
2017-06-12 21:44:55 [main] INFO  TariffAction  line:24 - Total clients quantity is 15
2017-06-12 21:48:57 [main] INFO  TariffAction  line:24 - Total clients quantity is 15
2017-06-12 21:48:57 [main] INFO  TariffAction  line:34 - Optimal tariff is
Tariff name: MORE_CALLS 
price per minute: 1 
price per message: 2 
price for connection: 4 
included free minutes: 1000 
included free messages: 500 
included free traffic: 200
2017-06-12 23:13:06 [main] WARN  InputDataValidator  line:16 - Invalid line: dfhff5555
2017-06-12 23:13:06 [main] WARN  InputDataValidator  line:16 - Invalid line: individual more_calls 20 1 5 2 240 50 500
2017-06-12 23:32:24 [main] WARN  InputDataValidator  line:16 - Invalid line: dfhff5555
2017-06-12 23:32:24 [main] WARN  InputDataValidator  line:16 - Invalid line: individual more_calls 20 1 5 2 240 50 500 gggg
2017-06-12 23:33:37 [main] WARN  InputDataValidator  line:16 - Invalid line: dfhff5555
2017-06-12 23:33:37 [main] WARN  InputDataValidator  line:16 - Invalid line: individual morecalls 20 1 5 2 240 50 500 gg
2017-06-12 23:39:06 [main] WARN  InputDataValidator  line:17 - Invalid line: dfhff5555
2017-06-12 23:39:06 [main] WARN  InputDataValidator  line:17 - Invalid line: individual more_calls 20 1 5 2 240 50 500
2017-06-12 23:39:18 [main] WARN  InputDataValidator  line:17 - Invalid line: dfhff5555
2017-06-12 23:41:13 [main] WARN  InputDataValidator  line:17 - Invalid line: dfhff5555
2017-06-12 23:41:24 [main] WARN  InputDataValidator  line:17 - Invalid line: dfhff5555
2017-06-12 23:41:24 [main] WARN  InputDataValidator  line:17 - Invalid line: individual more_calls 20 1 5 2 240 50 500
2017-06-12 23:48:05 [main] WARN  InputDataValidator  line:16 - Invalid line: dfhff5555
2017-06-12 23:48:05 [main] WARN  InputDataValidator  line:16 - Invalid line: individual more_calls 20 1 5 2 240 50 500
2017-06-12 23:48:37 [main] WARN  InputDataValidator  line:16 - Invalid line: dfhff5555
2017-06-12 23:48:37 [main] WARN  InputDataValidator  line:16 - Invalid line: individual more_calls 20 1 5 2 240 50 500 f
2017-06-12 23:48:59 [main] WARN  InputDataValidator  line:16 - Invalid line: dfhff5555
2017-06-12 23:51:42 [main] WARN  InputDataValidator  line:16 - Invalid line: dfhff5555
2017-06-12 23:51:55 [main] WARN  InputDataValidator  line:16 - Invalid line: dfhff5555
2017-06-12 23:51:55 [main] WARN  InputDataValidator  line:16 - Invalid line: individual more_calls 20 1 5 2 240 50 500
2017-06-12 23:52:17 [main] WARN  InputDataValidator  line:16 - Invalid line: dfhff5555
2017-06-12 23:52:57 [main] WARN  InputDataValidator  line:16 - Invalid line: dfhff5555
2017-06-12 23:55:00 [main] WARN  InputDataValidator  line:16 - Invalid line: dfhff5555
2017-06-12 23:55:00 [main] WARN  InputDataValidator  line:16 - Invalid line: corporate international_business 200 0 0 0 1200 600 16000 delloite
2017-06-12 23:56:00 [main] WARN  InputDataValidator  line:16 - Invalid line: dfhff5555
